[debug] [2025-03-26T10:13:13.543Z] ----------------------------------------------------------------------
[debug] [2025-03-26T10:13:13.544Z] Command:       C:\Program Files\nodejs\node.exe C:\Users\devel\AppData\Roaming\npm\node_modules\firebase-tools\lib\bin\firebase.js init
[debug] [2025-03-26T10:13:13.545Z] CLI Version:   13.29.2
[debug] [2025-03-26T10:13:13.545Z] Platform:      win32
[debug] [2025-03-26T10:13:13.545Z] Node Version:  v18.18.0
[debug] [2025-03-26T10:13:13.549Z] Time:          Wed Mar 26 2025 12:13:13 GMT+0200 (South Africa Standard Time)
[debug] [2025-03-26T10:13:13.549Z] ----------------------------------------------------------------------
[debug] 
[debug] [2025-03-26T10:13:13.552Z] >>> [apiv2][query] GET https://firebase-public.firebaseio.com/cli.json [none]
[debug] [2025-03-26T10:13:13.582Z] > command requires scopes: ["email","openid","https://www.googleapis.com/auth/cloudplatformprojects.readonly","https://www.googleapis.com/auth/firebase","https://www.googleapis.com/auth/cloud-platform"]
[debug] [2025-03-26T10:13:13.583Z] > authorizing via signed-in user (vanheerdenjanco2005@gmail.com)
[info] 
     ######## #### ########  ######## ########     ###     ######  ########
     ##        ##  ##     ## ##       ##     ##  ##   ##  ##       ##
     ######    ##  ########  ######   ########  #########  ######  ######
     ##        ##  ##    ##  ##       ##     ## ##     ##       ## ##
     ##       #### ##     ## ######## ########  ##     ##  ######  ########

You're about to initialize a Firebase project in this directory:

  C:\Users\devel\OneDrive\Desktop\Website\my-awesome-website

[debug] [2025-03-26T10:13:14.262Z] <<< [apiv2][status] GET https://firebase-public.firebaseio.com/cli.json 200
[debug] [2025-03-26T10:13:14.262Z] <<< [apiv2][body] GET https://firebase-public.firebaseio.com/cli.json {"cloudBuildErrorAfter":1594252800000,"cloudBuildWarnAfter":1590019200000,"defaultNode10After":1594252800000,"minVersion":"3.0.5","node8DeploysDisabledAfter":1613390400000,"node8RuntimeDisabledAfter":1615809600000,"node8WarnAfter":1600128000000}
